<?xml version="1.0" encoding="UTF-8"?>
<!-- Generated by org.testng.reporters.JUnitXMLReporter -->
<testsuite ignored="2" hostname="DESKTOP-8LEQ49H" failures="0" tests="2" name="Test" time="101.678" errors="0" timestamp="2021-05-22T14:58:45 BDT">
  <testcase classname="com.automation.UserOneRegistration" name="registration" time="46.203"/>
  <testcase classname="com.automation.UserTwoRegistrationAndBuy" name="registrationAndBuy" time="55.454"/>
  <testcase classname="com.automation.DriverSetup" name="@BeforeSuite setDriver" time="0.0">
    <ignored/>
  </testcase> <!-- @BeforeSuite setDriver -->
  <testcase classname="com.automation.DriverSetup" name="@AfterSuite close" time="0.0">
    <ignored/>
  </testcase> <!-- @AfterSuite close -->
</testsuite> <!-- Test -->
